
========================================
  ROZPOCZECIE SYMULACJI: 2026-02-02 02:22:58
========================================

[02:22:58] [MAIN      ] [PID:1678  ] Start symulacji z pojemnoscia K=80
[02:22:58] [MAIN      ] [PID:1678  ] Pojemnosc calkowita: 80
[02:22:58] [MAIN      ] [PID:1678  ] Pojemnosc sektora: 10
[02:22:58] [MAIN      ] [PID:1678  ] Pojemnosc VIP: 0
[02:22:58] [MAIN      ] [PID:1678  ] Limit VIP: 0
[02:22:58] [MAIN      ] [PID:1678  ] Czas do meczu: 10 s, czas trwania: 10 s
[02:22:58] [MAIN      ] [PID:1678  ] Utworzono FIFO: /tmp/hala_fifo_ewakuacja
[02:22:58] [MAIN      ] [PID:1678  ] Zasoby IPC zainicjalizowane
[02:22:58] [PRACOWNIK ] [PID:903   ] Sektor 1: Watek stanowiska 1 zakonczony
[02:22:58] [PRACOWNIK ] [PID:909   ] Sektor 7: Watek stanowiska 1 zakonczony
[02:22:58] [PRACOWNIK ] [PID:908   ] Sektor 6: Watek stanowiska 1 zakonczony
[02:22:58] [PRACOWNIK ] [PID:908   ] Sektor 6: Watek stanowiska 0 zakonczony
[02:22:58] [PRACOWNIK ] [PID:906   ] Sektor 4: Watek stanowiska 0 zakonczony
[02:22:58] [PRACOWNIK ] [PID:905   ] Sektor 3: Watek stanowiska 0 zakonczony
[02:22:58] [PRACOWNIK ] [PID:905   ] Sektor 3: Watek stanowiska 1 zakonczony
[02:22:58] [MAIN      ] [PID:1678  ] Serwer socket uruchomiony na porcie 9999
[02:22:58] [PRACOWNIK ] [PID:903   ] Sektor 1: Watek stanowiska 0 zakonczony
[02:22:58] [PRACOWNIK ] [PID:904   ] Sektor 2: Watek stanowiska 0 zakonczony
[02:22:58] [PRACOWNIK ] [PID:907   ] Sektor 5: Watek stanowiska 1 zakonczony
[02:22:58] [PRACOWNIK ] [PID:907   ] Sektor 5: Watek stanowiska 0 zakonczony
[02:22:58] [KASJER    ] [PID:1690  ] Kasa 7: Start PID 1690
[02:22:58] [PRACOWNIK ] [PID:906   ] Sektor 4: Watek stanowiska 1 zakonczony
[02:22:58] [PRACOWNIK ] [PID:909   ] Sektor 7: Watek stanowiska 0 zakonczony
[02:22:58] [PRACOWNIK ] [PID:904   ] Sektor 2: Watek stanowiska 1 zakonczony
[02:22:58] [KASJER    ] [PID:1688  ] Kasa 5: Start PID 1688
[02:22:58] [KASJER    ] [PID:1691  ] Kasa 8: Start PID 1691
[02:22:58] [KIBIC     ] [PID:1693  ] PID 1693 start: Druzyna B, Wiek 22, VIP NIE, Noz NIE, Bilety 1
[02:22:58] [KASJER    ] [PID:1685  ] Kasa 2: Start PID 1685
[02:22:58] [KASJER    ] [PID:1683  ] Kasa 0: Start PID 1683
[02:22:58] [SPRZEDAZ  ] [PID:1683  ] Kasa 0: 1 bilet(y) sektor 3 dla PID 1693 
[02:22:58] [KASJER    ] [PID:1684  ] Kasa 1: Start PID 1684
[02:22:58] [KIBIC     ] [PID:1693  ] PID 1693 kupil 1 bilet(y) do sektora 3 (zwykly)
[02:22:58] [KASJER    ] [PID:1687  ] Kasa 4: Start PID 1687
[02:22:58] [KASJER    ] [PID:1686  ] Kasa 3: Start PID 1686
[02:22:58] [KASJER    ] [PID:1689  ] Kasa 6: Start PID 1689
[02:22:58] [KASJER    ] [PID:1692  ] Kasa 9: Start PID 1692
[02:22:58] [PRACOWNIK ] [PID:902   ] Sektor 0: Watek stanowiska 1 zakonczony
[02:22:58] [MAIN      ] [PID:885   ] Czekam na wyjscie kibicow
[02:22:58] [MAIN      ] [PID:1678  ] Uruchomiono 10 kasjerow
[02:22:58] [PRACOWNIK ] [PID:902   ] Sektor 0: Watek stanowiska 0 zakonczony
[02:22:58] [MAIN      ] [PID:885   ] Koniec symulacji po zakonczeniu meczu
[02:22:58] [MAIN      ] [PID:885   ] Rozpoczynam sprzatanie zasobow
[02:22:58] [STATYSTYKI] Pojemnosc: 80 | Kibicow: 0 | VIP: 0/0
[02:22:58] [MAIN      ] [PID:885   ] Usunieto pamiec dzielona
[02:22:58] [MAIN      ] [PID:885   ] Usunieto semafory
[02:22:58] [MAIN      ] [PID:885   ] Usunieto kolejke komunikatow
[02:22:58] [PRACOWNIK ] [PID:1695  ] Sektor 1: Start PID 1695
[02:22:58] [MAIN      ] [PID:885   ] Usunieto FIFO

========================================
  ZAKONCZENIE SYMULACJI: 2026-02-02 02:22:58
========================================
[02:22:58] [PRACOWNIK ] [PID:1694  ] Sektor 0: Start PID 1694
[02:22:58] [PRACOWNIK ] [PID:1701  ] Sektor 5: Start PID 1701
[02:22:58] [PRACOWNIK ] [PID:1698  ] Sektor 4: Start PID 1698
[02:22:58] [PRACOWNIK ] [PID:1703  ] Sektor 7: Start PID 1703
[02:22:58] [PRACOWNIK ] [PID:1698  ] Sektor 4: Watek stanowiska 0 uruchomiony
[02:22:58] [PRACOWNIK ] [PID:1696  ] Sektor 2: Start PID 1696
[02:22:58] [PRACOWNIK ] [PID:1695  ] Sektor 1: Watek stanowiska 0 uruchomiony
[02:22:58] [PRACOWNIK ] [PID:1697  ] Sektor 3: Start PID 1697
[02:22:58] [MAIN      ] [PID:1678  ] Uruchomiono 8 pracownikow
[02:22:58] [MAIN      ] [PID:1678  ] System gotowy - rozpoczynam generowanie kibicow
[02:22:58] [PRACOWNIK ] [PID:1702  ] Sektor 6: Start PID 1702
[02:22:58] [PRACOWNIK ] [PID:1701  ] Sektor 5: Watek stanowiska 1 uruchomiony
[02:22:58] [PRACOWNIK ] [PID:1703  ] Sektor 7: Watek stanowiska 0 uruchomiony
[02:22:58] [PRACOWNIK ] [PID:1698  ] Sektor 4: Watek stanowiska 1 uruchomiony
[02:22:58] [PRACOWNIK ] [PID:1696  ] Sektor 2: Watek stanowiska 0 uruchomiony
[02:22:58] [PRACOWNIK ] [PID:1695  ] Sektor 1: Watek stanowiska 1 uruchomiony
[02:22:58] [PRACOWNIK ] [PID:1697  ] Sektor 3: Watek stanowiska 0 uruchomiony
[02:22:58] [PRACOWNIK ] [PID:1694  ] Sektor 0: Watek stanowiska 0 uruchomiony
[02:22:58] [PRACOWNIK ] [PID:1702  ] Sektor 6: Watek stanowiska 0 uruchomiony
[02:22:58] [PRACOWNIK ] [PID:1701  ] Sektor 5: Watek stanowiska 0 uruchomiony
[02:22:58] [PRACOWNIK ] [PID:1703  ] Sektor 7: Watek stanowiska 1 uruchomiony
[02:22:58] [PRACOWNIK ] [PID:1696  ] Sektor 2: Watek stanowiska 1 uruchomiony
[02:22:58] [PRACOWNIK ] [PID:1697  ] Sektor 3: Watek stanowiska 1 uruchomiony
[02:22:58] [PRACOWNIK ] [PID:1694  ] Sektor 0: Watek stanowiska 1 uruchomiony
[02:22:58] [PRACOWNIK ] [PID:1702  ] Sektor 6: Watek stanowiska 1 uruchomiony
[02:22:58] [KIBIC     ] [PID:1718  ] PID 1718 start: Druzyna A, Wiek 32, VIP NIE, Noz NIE, Bilety 1
[02:22:58] [SPRZEDAZ  ] [PID:1683  ] Kasa 0: 1 bilet(y) sektor 3 dla PID 1718 
[02:22:58] [KIBIC     ] [PID:1718  ] PID 1718 kupil 1 bilet(y) do sektora 3 (zwykly)
[02:22:58] [KIBIC     ] [PID:1719  ] PID 1719 start: Druzyna A, Wiek 18, VIP NIE, Noz NIE, Bilety 2
[02:22:58] [SPRZEDAZ  ] [PID:1683  ] Kasa 0: 2 bilet(y) sektor 6 dla PID 1719 
[02:22:58] [KIBIC     ] [PID:1719  ] PID 1719 kupil 2 bilet(y) do sektora 6 (zwykly)
[02:22:58] [KIBIC     ] [PID:1719  ] PID 1719 przekazal bilet koledze 1720
[02:22:58] [KIBIC     ] [PID:1720  ] PID 1720 kolega: Druzyna A, Sektor 6, Wiek 52
[02:22:58] [KONTROLA  ] [PID:1702  ] Sektor 6 Stan 1: Wpuszczono PID 1719 druzyna A
[02:22:58] [KIBIC     ] [PID:1719  ] PID 1719 wszedl na sektor 6
[02:22:58] [KIBIC     ] [PID:1719  ] PID 1719 czeka na start meczu
[02:22:58] [KIBIC     ] [PID:1721  ] PID 1721 start: Druzyna B, Wiek 34, VIP NIE, Noz NIE, Bilety 1
[02:22:58] [SPRZEDAZ  ] [PID:1683  ] Kasa 0: 1 bilet(y) sektor 4 dla PID 1721 
[02:22:58] [KIBIC     ] [PID:1721  ] PID 1721 kupil 1 bilet(y) do sektora 4 (zwykly)
[02:22:58] [KONTROLA  ] [PID:1698  ] Sektor 4 Stan 0: Wpuszczono PID 1721 druzyna B
[02:22:58] [KIBIC     ] [PID:1721  ] PID 1721 wszedl na sektor 4
[02:22:58] [KIBIC     ] [PID:1721  ] PID 1721 czeka na start meczu
[02:22:59] [KIBIC     ] [PID:1722  ] PID 1722 start: Druzyna A, Wiek 61, VIP NIE, Noz NIE, Bilety 2
[02:22:59] [SPRZEDAZ  ] [PID:1683  ] Kasa 0: 2 bilet(y) sektor 7 dla PID 1722 
[02:22:59] [KIBIC     ] [PID:1722  ] PID 1722 kupil 2 bilet(y) do sektora 7 (zwykly)
[02:22:59] [KIBIC     ] [PID:1722  ] PID 1722 przekazal bilet koledze 1723
[02:22:59] [KONTROLA  ] [PID:1703  ] Sektor 7 Stan 0: Wpuszczono PID 1722 druzyna A
[02:22:59] [KIBIC     ] [PID:1722  ] PID 1722 wszedl na sektor 7
[02:22:59] [KIBIC     ] [PID:1722  ] PID 1722 czeka na start meczu
[02:22:59] [KIBIC     ] [PID:1723  ] PID 1723 kolega: Druzyna A, Sektor 7, Wiek 28
[02:22:59] [KONTROLA  ] [PID:1703  ] Sektor 7 Stan 1: Wpuszczono PID 1723 druzyna A
[02:22:59] [KIBIC     ] [PID:1723  ] PID 1723 wszedl na sektor 7
[02:22:59] [KIBIC     ] [PID:1723  ] PID 1723 czeka na start meczu
[02:22:59] [KIBIC     ] [PID:1724  ] PID 1724 start: Druzyna B, Wiek 60, VIP NIE, Noz NIE, Bilety 2
[02:22:59] [SPRZEDAZ  ] [PID:1683  ] Kasa 0: 2 bilet(y) sektor 6 dla PID 1724 
[02:22:59] [KIBIC     ] [PID:1724  ] PID 1724 kupil 2 bilet(y) do sektora 6 (zwykly)
[02:22:59] [KIBIC     ] [PID:1724  ] PID 1724 przekazal bilet koledze 1725
[02:22:59] [KONTROLA  ] [PID:1702  ] Sektor 6 Stan 0: Wpuszczono PID 1720 druzyna A
[02:22:59] [KIBIC     ] [PID:1720  ] PID 1720 wszedl na sektor 6
[02:22:59] [KIBIC     ] [PID:1720  ] PID 1720 czeka na start meczu
[02:22:59] [KIBIC     ] [PID:1725  ] PID 1725 kolega: Druzyna B, Sektor 6, Wiek 37
[02:22:59] [KONTROLA  ] [PID:1702  ] Sektor 6 Stan 1: Wpuszczono PID 1724 druzyna B
[02:22:59] [KIBIC     ] [PID:1724  ] PID 1724 wszedl na sektor 6
[02:22:59] [KIBIC     ] [PID:1724  ] PID 1724 czeka na start meczu
[02:22:59] [KIBIC     ] [PID:1726  ] PID 1726 start: Druzyna B, Wiek 43, VIP NIE, Noz NIE, Bilety 2
[02:22:59] [SPRZEDAZ  ] [PID:1683  ] Kasa 0: 2 bilet(y) sektor 0 dla PID 1726 
[02:22:59] [KIBIC     ] [PID:1726  ] PID 1726 kupil 2 bilet(y) do sektora 0 (zwykly)
[02:22:59] [KIBIC     ] [PID:1726  ] PID 1726 przekazal bilet koledze 1727
[02:22:59] [KIBIC     ] [PID:1727  ] PID 1727 kolega: Druzyna B, Sektor 0, Wiek 44
[02:22:59] [KONTROLA  ] [PID:1694  ] Sektor 0 Stan 1: Wpuszczono PID 1726 druzyna B
[02:22:59] [KIBIC     ] [PID:1726  ] PID 1726 wszedl na sektor 0
[02:22:59] [KIBIC     ] [PID:1726  ] PID 1726 czeka na start meczu
[02:22:59] [KIBIC     ] [PID:1728  ] PID 1728 start: Druzyna A, Wiek 54, VIP NIE, Noz NIE, Bilety 1
[02:22:59] [SPRZEDAZ  ] [PID:1683  ] Kasa 0: 1 bilet(y) sektor 6 dla PID 1728 
[02:22:59] [KIBIC     ] [PID:1728  ] PID 1728 kupil 1 bilet(y) do sektora 6 (zwykly)
[02:22:59] [KONTROLA  ] [PID:1702  ] Sektor 6 Stan 0: Wpuszczono PID 1725 druzyna B
[02:22:59] [KIBIC     ] [PID:1725  ] PID 1725 wszedl na sektor 6
[02:22:59] [KIBIC     ] [PID:1725  ] PID 1725 czeka na start meczu
[02:22:59] [KIBIC     ] [PID:1729  ] PID 1729 start: Druzyna B, Wiek 46, VIP NIE, Noz NIE, Bilety 1
[02:22:59] [SPRZEDAZ  ] [PID:1683  ] Kasa 0: 1 bilet(y) sektor 7 dla PID 1729 
[02:22:59] [KIBIC     ] [PID:1729  ] PID 1729 kupil 1 bilet(y) do sektora 7 (zwykly)
[02:22:59] [KONTROLA  ] [PID:1703  ] Sektor 7 Stan 0: Wpuszczono PID 1729 druzyna B
[02:22:59] [KIBIC     ] [PID:1729  ] PID 1729 wszedl na sektor 7
[02:22:59] [KIBIC     ] [PID:1729  ] PID 1729 czeka na start meczu
[02:22:59] [KIBIC     ] [PID:1730  ] PID 1730 start: Druzyna A, Wiek 53, VIP NIE, Noz NIE, Bilety 1
[02:22:59] [SPRZEDAZ  ] [PID:1683  ] Kasa 0: 1 bilet(y) sektor 1 dla PID 1730 
[02:22:59] [KIBIC     ] [PID:1730  ] PID 1730 kupil 1 bilet(y) do sektora 1 (zwykly)
[02:22:59] [KONTROLA  ] [PID:1695  ] Sektor 1 Stan 0: Wpuszczono PID 1730 druzyna A
[02:22:59] [KIBIC     ] [PID:1730  ] PID 1730 wszedl na sektor 1
[02:22:59] [KIBIC     ] [PID:1730  ] PID 1730 czeka na start meczu
[02:22:59] [KIBIC     ] [PID:1731  ] PID 1731 start: Druzyna A, Wiek 61, VIP NIE, Noz TAK, Bilety 2
[02:22:59] [SPRZEDAZ  ] [PID:1683  ] Kasa 0: 2 bilet(y) sektor 5 dla PID 1731 
[02:22:59] [KIBIC     ] [PID:1731  ] PID 1731 kupil 2 bilet(y) do sektora 5 (zwykly)
[02:22:59] [KIBIC     ] [PID:1731  ] PID 1731 przekazal bilet koledze 1732
[02:22:59] [KONTROLA  ] [PID:1701  ] Sektor 5 Stan 1: Zatrzymano PID 1731 - noz
[02:22:59] [KIBIC     ] [PID:1731  ] PID 1731 wyrzucony - noz
[02:22:59] [KIBIC     ] [PID:1732  ] PID 1732 kolega: Druzyna A, Sektor 5, Wiek 23
[02:22:59] [KIBIC     ] [PID:1733  ] PID 1733 start: Druzyna A, Wiek 58, VIP NIE, Noz TAK, Bilety 1
[02:22:59] [SPRZEDAZ  ] [PID:1683  ] Kasa 0: 1 bilet(y) sektor 6 dla PID 1733 
[02:22:59] [KIBIC     ] [PID:1733  ] PID 1733 kupil 1 bilet(y) do sektora 6 (zwykly)
[02:22:59] [KONTROLA  ] [PID:1702  ] Sektor 6 Stan 1: Wpuszczono PID 1728 druzyna A
[02:22:59] [KIBIC     ] [PID:1728  ] PID 1728 wszedl na sektor 6
[02:22:59] [KIBIC     ] [PID:1728  ] PID 1728 czeka na start meczu
[02:22:59] [KIBIC     ] [PID:1738  ] PID 1738 start: Druzyna A, Wiek 47, VIP NIE, Noz NIE, Bilety 2
[02:22:59] [SPRZEDAZ  ] [PID:1683  ] Kasa 0: 2 bilet(y) sektor 6 dla PID 1738 
[02:22:59] [KIBIC     ] [PID:1738  ] PID 1738 kupil 2 bilet(y) do sektora 6 (zwykly)
[02:22:59] [KIBIC     ] [PID:1738  ] PID 1738 przekazal bilet koledze 1739
[02:22:59] [KONTROLA  ] [PID:1702  ] Sektor 6 Stan 0: Zatrzymano PID 1733 - noz
[02:22:59] [KONTROLA  ] [PID:1702  ] Sektor 6 Stan 0: Wpuszczono PID 1738 druzyna A
[02:22:59] [KIBIC     ] [PID:1733  ] PID 1733 wyrzucony - noz
[02:22:59] [KIBIC     ] [PID:1739  ] PID 1739 kolega: Druzyna A, Sektor 6, Wiek 20
[02:22:59] [KIBIC     ] [PID:1738  ] PID 1738 wszedl na sektor 6
[02:22:59] [KIBIC     ] [PID:1738  ] PID 1738 czeka na start meczu
[02:22:59] [KONTROLA  ] [PID:1702  ] Sektor 6 Stan 1: Wpuszczono PID 1739 druzyna A
[02:22:59] [KIBIC     ] [PID:1739  ] PID 1739 wszedl na sektor 6
[02:22:59] [KIBIC     ] [PID:1739  ] PID 1739 czeka na start meczu
[02:22:59] [KIBIC     ] [PID:1740  ] PID 1740 start: Druzyna A, Wiek 43, VIP NIE, Noz NIE, Bilety 1
[02:22:59] [SPRZEDAZ  ] [PID:1683  ] Kasa 0: 1 bilet(y) sektor 1 dla PID 1740 
[02:22:59] [KIBIC     ] [PID:1740  ] PID 1740 kupil 1 bilet(y) do sektora 1 (zwykly)
[02:22:59] [KIBIC     ] [PID:1741  ] PID 1741 rodzic, druzyna A, wiek 36
[02:22:59] [KIBIC     ] [PID:1741  ] PID 1741 kupil 2 bilet(y) do sektora 5 (zwykly)
[02:22:59] [SPRZEDAZ  ] [PID:1683  ] Kasa 0: 2 bilet(y) sektor 5 dla PID 1741 
[02:22:59] [KIBIC     ] [PID:1741  ] PID 1741 rodzic utworzyl dziecko 1742
[02:22:59] [KIBIC     ] [PID:1742  ] PID 1742 dziecko rodzica 1741, wiek 11, sektor 5
[02:22:59] [KIBIC     ] [PID:1742  ] PID 1742 rodzina kompletna przy bramce
[02:22:59] [KIBIC     ] [PID:1741  ] PID 1741 rodzina kompletna przy bramce
[02:22:59] [KONTROLA  ] [PID:1701  ] Sektor 5 Stan 1: Wpuszczono PID 1732 druzyna A
[02:22:59] [KIBIC     ] [PID:1732  ] PID 1732 wszedl na sektor 5
[02:22:59] [KONTROLA  ] [PID:1701  ] Sektor 5 Stan 0: Dziecko PID 1742 z opiekunem
[02:22:59] [KONTROLA  ] [PID:1701  ] Sektor 5 Stan 0: Wpuszczono PID 1742 druzyna A
[02:22:59] [KONTROLA  ] [PID:1701  ] Sektor 5 Stan 0: Wpuszczono PID 1741 druzyna A
[02:22:59] [KIBIC     ] [PID:1732  ] PID 1732 czeka na start meczu
[02:22:59] [KIBIC     ] [PID:1742  ] PID 1742 wszedl na sektor 5
[02:22:59] [KIBIC     ] [PID:1742  ] PID 1742 czeka na start meczu
[02:22:59] [KIBIC     ] [PID:1741  ] PID 1741 wszedl na sektor 5
[02:22:59] [KIBIC     ] [PID:1741  ] PID 1741 czeka na start meczu
[02:22:59] [KIBIC     ] [PID:1754  ] PID 1754 start: Druzyna B, Wiek 18, VIP NIE, Noz NIE, Bilety 2
[02:22:59] [SPRZEDAZ  ] [PID:1683  ] Kasa 0: 2 bilet(y) sektor 1 dla PID 1754 
[02:22:59] [KIBIC     ] [PID:1754  ] PID 1754 kupil 2 bilet(y) do sektora 1 (zwykly)
[02:22:59] [KIBIC     ] [PID:1754  ] PID 1754 przekazal bilet koledze 1755
[02:22:59] [KONTROLA  ] [PID:1695  ] Sektor 1 Stan 0: Wpuszczono PID 1740 druzyna A
[02:22:59] [KIBIC     ] [PID:1740  ] PID 1740 wszedl na sektor 1
[02:22:59] [KIBIC     ] [PID:1740  ] PID 1740 czeka na start meczu
[02:22:59] [KIBIC     ] [PID:1755  ] PID 1755 kolega: Druzyna B, Sektor 1, Wiek 56
[02:22:59] [KONTROLA  ] [PID:1695  ] Sektor 1 Stan 1: Wpuszczono PID 1754 druzyna B
[02:22:59] [KONTROLA  ] [PID:1695  ] Sektor 1 Stan 1: Wpuszczono PID 1755 druzyna B
[02:22:59] [KIBIC     ] [PID:1754  ] PID 1754 wszedl na sektor 1
[02:22:59] [KIBIC     ] [PID:1754  ] PID 1754 czeka na start meczu
[02:22:59] [KIBIC     ] [PID:1755  ] PID 1755 wszedl na sektor 1
[02:22:59] [KIBIC     ] [PID:1755  ] PID 1755 czeka na start meczu
[02:22:59] [KIBIC     ] [PID:1756  ] PID 1756 start: Druzyna B, Wiek 60, VIP NIE, Noz NIE, Bilety 1
[02:22:59] [SPRZEDAZ  ] [PID:1683  ] Kasa 0: 1 bilet(y) sektor 5 dla PID 1756 
[02:22:59] [KIBIC     ] [PID:1756  ] PID 1756 kupil 1 bilet(y) do sektora 5 (zwykly)
[02:22:59] [KIBIC     ] [PID:1757  ] PID 1757 start: Druzyna B, Wiek 59, VIP NIE, Noz NIE, Bilety 2
[02:22:59] [SPRZEDAZ  ] [PID:1683  ] Kasa 0: 2 bilet(y) sektor 4 dla PID 1757 
[02:22:59] [KIBIC     ] [PID:1757  ] PID 1757 kupil 2 bilet(y) do sektora 4 (zwykly)
[02:22:59] [KIBIC     ] [PID:1757  ] PID 1757 przekazal bilet koledze 1758
[02:22:59] [KONTROLA  ] [PID:1698  ] Sektor 4 Stan 1: Wpuszczono PID 1757 druzyna B
[02:22:59] [KIBIC     ] [PID:1757  ] PID 1757 wszedl na sektor 4
[02:22:59] [KIBIC     ] [PID:1757  ] PID 1757 czeka na start meczu
[02:22:59] [KIBIC     ] [PID:1758  ] PID 1758 kolega: Druzyna B, Sektor 4, Wiek 41
[02:22:59] [KONTROLA  ] [PID:1698  ] Sektor 4 Stan 0: Wpuszczono PID 1758 druzyna B
[02:22:59] [KIBIC     ] [PID:1758  ] PID 1758 wszedl na sektor 4
[02:22:59] [KIBIC     ] [PID:1758  ] PID 1758 czeka na start meczu
[02:23:00] [KIBIC     ] [PID:1759  ] PID 1759 start: Druzyna A, Wiek 44, VIP NIE, Noz NIE, Bilety 2
[02:23:00] [SPRZEDAZ  ] [PID:1683  ] Kasa 0: 2 bilet(y) sektor 7 dla PID 1759 
[02:23:00] [KIBIC     ] [PID:1759  ] PID 1759 kupil 2 bilet(y) do sektora 7 (zwykly)
[02:23:00] [KIBIC     ] [PID:1759  ] PID 1759 przekazal bilet koledze 1760
[02:23:00] [KONTROLA  ] [PID:1703  ] Sektor 7 Stan 1: Wpuszczono PID 1759 druzyna A
[02:23:00] [KIBIC     ] [PID:1759  ] PID 1759 wszedl na sektor 7
[02:23:00] [KIBIC     ] [PID:1759  ] PID 1759 czeka na start meczu
[02:23:00] [KIBIC     ] [PID:1760  ] PID 1760 kolega: Druzyna A, Sektor 7, Wiek 35
[02:23:00] [KIBIC     ] [PID:1761  ] PID 1761 start: Druzyna B, Wiek 39, VIP NIE, Noz NIE, Bilety 1
[02:23:00] [SPRZEDAZ  ] [PID:1683  ] Kasa 0: 1 bilet(y) sektor 3 dla PID 1761 
[02:23:00] [KIBIC     ] [PID:1761  ] PID 1761 kupil 1 bilet(y) do sektora 3 (zwykly)
[02:23:00] [KONTROLA  ] [PID:1697  ] Sektor 3 Stan 0: Wpuszczono PID 1761 druzyna B
[02:23:00] [KIBIC     ] [PID:1761  ] PID 1761 wszedl na sektor 3
[02:23:00] [KIBIC     ] [PID:1761  ] PID 1761 czeka na start meczu
[02:23:00] [KIBIC     ] [PID:1762  ] PID 1762 start: Druzyna B, Wiek 61, VIP NIE, Noz NIE, Bilety 1
[02:23:00] [SPRZEDAZ  ] [PID:1683  ] Kasa 0: 1 bilet(y) sektor 0 dla PID 1762 
[02:23:00] [KIBIC     ] [PID:1762  ] PID 1762 kupil 1 bilet(y) do sektora 0 (zwykly)
[02:23:00] [KONTROLA  ] [PID:1694  ] Sektor 0 Stan 0: Wpuszczono PID 1727 druzyna B
[02:23:00] [KONTROLA  ] [PID:1694  ] Sektor 0 Stan 0: Wpuszczono PID 1762 druzyna B
[02:23:00] [KIBIC     ] [PID:1727  ] PID 1727 wszedl na sektor 0
[02:23:00] [KIBIC     ] [PID:1727  ] PID 1727 czeka na start meczu
[02:23:00] [KIBIC     ] [PID:1762  ] PID 1762 wszedl na sektor 0
[02:23:00] [KIBIC     ] [PID:1762  ] PID 1762 czeka na start meczu
[02:23:00] [KIBIC     ] [PID:1763  ] PID 1763 start: Druzyna B, Wiek 56, VIP NIE, Noz NIE, Bilety 1
[02:23:00] [SPRZEDAZ  ] [PID:1683  ] Kasa 0: 1 bilet(y) sektor 6 dla PID 1763 
[02:23:00] [KIBIC     ] [PID:1763  ] PID 1763 kupil 1 bilet(y) do sektora 6 (zwykly)
[02:23:00] [KONTROLA  ] [PID:1702  ] Sektor 6 Stan 0: Wpuszczono PID 1763 druzyna B
[02:23:00] [KIBIC     ] [PID:1763  ] PID 1763 wszedl na sektor 6
[02:23:00] [KIBIC     ] [PID:1763  ] PID 1763 czeka na start meczu
[02:23:00] [KIBIC     ] [PID:1764  ] PID 1764 rodzic, druzyna B, wiek 27
[02:23:00] [SPRZEDAZ  ] [PID:1683  ] Kasa 0: 2 bilet(y) sektor 0 dla PID 1764 
[02:23:00] [KIBIC     ] [PID:1764  ] PID 1764 kupil 2 bilet(y) do sektora 0 (zwykly)
[02:23:00] [KIBIC     ] [PID:1764  ] PID 1764 rodzic utworzyl dziecko 1765
[02:23:00] [KIBIC     ] [PID:1765  ] PID 1765 dziecko rodzica 1764, wiek 7, sektor 0
[02:23:00] [KIBIC     ] [PID:1765  ] PID 1765 rodzina kompletna przy bramce
[02:23:00] [KIBIC     ] [PID:1764  ] PID 1764 rodzina kompletna przy bramce
[02:23:00] [KONTROLA  ] [PID:1694  ] Sektor 0 Stan 1: Dziecko PID 1765 z opiekunem
[02:23:00] [KONTROLA  ] [PID:1694  ] Sektor 0 Stan 1: Wpuszczono PID 1765 druzyna B
[02:23:00] [KIBIC     ] [PID:1765  ] PID 1765 wszedl na sektor 0
[02:23:00] [KIBIC     ] [PID:1765  ] PID 1765 czeka na start meczu
[02:23:00] [KIBIC     ] [PID:1766  ] PID 1766 start: Druzyna B, Wiek 18, VIP NIE, Noz NIE, Bilety 2
[02:23:00] [SPRZEDAZ  ] [PID:1683  ] Kasa 0: 2 bilet(y) sektor 0 dla PID 1766 
[02:23:00] [KIBIC     ] [PID:1766  ] PID 1766 kupil 2 bilet(y) do sektora 0 (zwykly)
[02:23:00] [KIBIC     ] [PID:1766  ] PID 1766 przekazal bilet koledze 1767
[02:23:00] [KONTROLA  ] [PID:1694  ] Sektor 0 Stan 1: Wpuszczono PID 1766 druzyna B
[02:23:00] [KONTROLA  ] [PID:1694  ] Sektor 0 Stan 1: Wpuszczono PID 1764 druzyna B
[02:23:00] [KIBIC     ] [PID:1766  ] PID 1766 wszedl na sektor 0
[02:23:00] [KIBIC     ] [PID:1766  ] PID 1766 czeka na start meczu
[02:23:00] [KIBIC     ] [PID:1764  ] PID 1764 wszedl na sektor 0
[02:23:00] [KIBIC     ] [PID:1764  ] PID 1764 czeka na start meczu
[02:23:00] [KIBIC     ] [PID:1767  ] PID 1767 kolega: Druzyna B, Sektor 0, Wiek 38
[02:23:00] [KIBIC     ] [PID:1768  ] PID 1768 start: Druzyna A, Wiek 34, VIP NIE, Noz NIE, Bilety 2
[02:23:00] [SPRZEDAZ  ] [PID:1683  ] Kasa 0: 2 bilet(y) sektor 0 dla PID 1768 
[02:23:00] [KIBIC     ] [PID:1768  ] PID 1768 kupil 2 bilet(y) do sektora 0 (zwykly)
[02:23:00] [KIBIC     ] [PID:1768  ] PID 1768 przekazal bilet koledze 1769
[02:23:00] [KONTROLA  ] [PID:1694  ] Sektor 0 Stan 1: Wpuszczono PID 1767 druzyna B
[02:23:00] [KIBIC     ] [PID:1767  ] PID 1767 wszedl na sektor 0
[02:23:00] [KIBIC     ] [PID:1767  ] PID 1767 czeka na start meczu
[02:23:00] [KIBIC     ] [PID:1769  ] PID 1769 kolega: Druzyna A, Sektor 0, Wiek 58
[02:23:00] [KONTROLA  ] [PID:1694  ] Sektor 0 Stan 0: Wpuszczono PID 1768 druzyna A
[02:23:00] [KONTROLA  ] [PID:1694  ] Sektor 0 Stan 0: Wpuszczono PID 1769 druzyna A
[02:23:00] [KIBIC     ] [PID:1768  ] PID 1768 wszedl na sektor 0
[02:23:00] [KIBIC     ] [PID:1768  ] PID 1768 czeka na start meczu
[02:23:00] [KIBIC     ] [PID:1769  ] PID 1769 wszedl na sektor 0
[02:23:00] [KIBIC     ] [PID:1769  ] PID 1769 czeka na start meczu
[02:23:00] [KIBIC     ] [PID:1771  ] PID 1771 start: Druzyna A, Wiek 32, VIP NIE, Noz NIE, Bilety 1
[02:23:00] [SPRZEDAZ  ] [PID:1683  ] Kasa 0: 1 bilet(y) sektor 0 dla PID 1771 
[02:23:00] [KIBIC     ] [PID:1771  ] PID 1771 kupil 1 bilet(y) do sektora 0 (zwykly)
[02:23:00] [KONTROLA  ] [PID:1694  ] Sektor 0 Stan 1: Wpuszczono PID 1771 druzyna A
[02:23:00] [KIBIC     ] [PID:1771  ] PID 1771 wszedl na sektor 0
[02:23:00] [KIBIC     ] [PID:1771  ] PID 1771 czeka na start meczu
[02:23:00] [KIBIC     ] [PID:1772  ] PID 1772 start: Druzyna A, Wiek 38, VIP NIE, Noz NIE, Bilety 1
[02:23:00] [SPRZEDAZ  ] [PID:1683  ] Kasa 0: 1 bilet(y) sektor 1 dla PID 1772 
[02:23:00] [KIBIC     ] [PID:1772  ] PID 1772 kupil 1 bilet(y) do sektora 1 (zwykly)
[02:23:00] [KIBIC     ] [PID:1773  ] PID 1773 start: Druzyna A, Wiek 47, VIP NIE, Noz NIE, Bilety 1
[02:23:00] [SPRZEDAZ  ] [PID:1683  ] Kasa 0: 1 bilet(y) sektor 1 dla PID 1773 
[02:23:00] [KIBIC     ] [PID:1773  ] PID 1773 kupil 1 bilet(y) do sektora 1 (zwykly)
[02:23:00] [KONTROLA  ] [PID:1695  ] Sektor 1 Stan 1: Wpuszczono PID 1772 druzyna A
[02:23:00] [KIBIC     ] [PID:1772  ] PID 1772 wszedl na sektor 1
[02:23:00] [KIBIC     ] [PID:1772  ] PID 1772 czeka na start meczu
[02:23:00] [KIBIC     ] [PID:1774  ] PID 1774 start: Druzyna B, Wiek 56, VIP NIE, Noz NIE, Bilety 1
[02:23:00] [SPRZEDAZ  ] [PID:1683  ] Kasa 0: 1 bilet(y) sektor 2 dla PID 1774 
[02:23:00] [KIBIC     ] [PID:1774  ] PID 1774 kupil 1 bilet(y) do sektora 2 (zwykly)
[02:23:00] [KIBIC     ] [PID:1775  ] PID 1775 start: Druzyna A, Wiek 38, VIP NIE, Noz TAK, Bilety 1
[02:23:00] [SPRZEDAZ  ] [PID:1683  ] Kasa 0: 1 bilet(y) sektor 2 dla PID 1775 
[02:23:00] [KIBIC     ] [PID:1775  ] PID 1775 kupil 1 bilet(y) do sektora 2 (zwykly)
[02:23:00] [KONTROLA  ] [PID:1696  ] Sektor 2 Stan 1: Wpuszczono PID 1774 druzyna B
[02:23:00] [KIBIC     ] [PID:1774  ] PID 1774 wszedl na sektor 2
[02:23:00] [KIBIC     ] [PID:1774  ] PID 1774 czeka na start meczu
[02:23:00] [KIBIC     ] [PID:1776  ] PID 1776 start: Druzyna A, Wiek 23, VIP NIE, Noz NIE, Bilety 2
[02:23:00] [SPRZEDAZ  ] [PID:1683  ] Kasa 0: 2 bilet(y) sektor 3 dla PID 1776 
[02:23:00] [KIBIC     ] [PID:1776  ] PID 1776 kupil 2 bilet(y) do sektora 3 (zwykly)
[02:23:00] [KIBIC     ] [PID:1776  ] PID 1776 przekazal bilet koledze 1777
[02:23:00] [KIBIC     ] [PID:1777  ] PID 1777 kolega: Druzyna A, Sektor 3, Wiek 55
[02:23:00] [KONTROLA  ] [PID:1697  ] Sektor 3 Stan 1: Wpuszczono PID 1693 druzyna B
[02:23:00] [KIBIC     ] [PID:1693  ] PID 1693 wszedl na sektor 3
[02:23:00] [KIBIC     ] [PID:1693  ] PID 1693 czeka na start meczu
[02:23:00] [KONTROLA  ] [PID:1697  ] Sektor 3 Stan 0: Wpuszczono PID 1777 druzyna A
[02:23:00] [KIBIC     ] [PID:1777  ] PID 1777 wszedl na sektor 3
[02:23:00] [KIBIC     ] [PID:1777  ] PID 1777 czeka na start meczu
[02:23:01] [KIBIC     ] [PID:1778  ] PID 1778 start: Druzyna A, Wiek 29, VIP NIE, Noz NIE, Bilety 1
[02:23:01] [SPRZEDAZ  ] [PID:1683  ] Kasa 0: 1 bilet(y) sektor 5 dla PID 1778 
[02:23:01] [KIBIC     ] [PID:1778  ] PID 1778 kupil 1 bilet(y) do sektora 5 (zwykly)
[02:23:01] [KONTROLA  ] [PID:1701  ] Sektor 5 Stan 0: Wpuszczono PID 1756 druzyna B
[02:23:01] [KIBIC     ] [PID:1756  ] PID 1756 wszedl na sektor 5
[02:23:01] [KIBIC     ] [PID:1756  ] PID 1756 czeka na start meczu
[02:23:01] [KIBIC     ] [PID:1779  ] PID 1779 start: Druzyna A, Wiek 36, VIP NIE, Noz NIE, Bilety 1
[02:23:01] [SPRZEDAZ  ] [PID:1683  ] Kasa 0: 1 bilet(y) sektor 6 dla PID 1779 
[02:23:01] [KIBIC     ] [PID:1779  ] PID 1779 kupil 1 bilet(y) do sektora 6 (zwykly)
[02:23:01] [KIBIC     ] [PID:1780  ] PID 1780 start: Druzyna A, Wiek 62, VIP NIE, Noz NIE, Bilety 1
[02:23:01] [SPRZEDAZ  ] [PID:1683  ] Kasa 0: 1 bilet(y) sektor 1 dla PID 1780 
[02:23:01] [KIBIC     ] [PID:1780  ] PID 1780 kupil 1 bilet(y) do sektora 1 (zwykly)
[02:23:01] [KONTROLA  ] [PID:1695  ] Sektor 1 Stan 0: Wpuszczono PID 1773 druzyna A
[02:23:01] [KIBIC     ] [PID:1773  ] PID 1773 wszedl na sektor 1
[02:23:01] [KIBIC     ] [PID:1773  ] PID 1773 czeka na start meczu
[02:23:01] [KIBIC     ] [PID:1781  ] PID 1781 start: Druzyna B, Wiek 43, VIP NIE, Noz NIE, Bilety 2
[02:23:01] [SPRZEDAZ  ] [PID:1683  ] Kasa 0: 2 bilet(y) sektor 1 dla PID 1781 
[02:23:01] [KIBIC     ] [PID:1781  ] PID 1781 kupil 2 bilet(y) do sektora 1 (zwykly)
[02:23:01] [KIBIC     ] [PID:1781  ] PID 1781 przekazal bilet koledze 1782
[02:23:01] [KIBIC     ] [PID:1782  ] PID 1782 kolega: Druzyna B, Sektor 1, Wiek 44
[02:23:01] [KONTROLA  ] [PID:1695  ] Sektor 1 Stan 1: Wpuszczono PID 1780 druzyna A
[02:23:01] [KIBIC     ] [PID:1780  ] PID 1780 wszedl na sektor 1
[02:23:01] [KIBIC     ] [PID:1780  ] PID 1780 czeka na start meczu
[02:23:01] [KONTROLA  ] [PID:1695  ] Sektor 1 Stan 0: Wpuszczono PID 1782 druzyna B
[02:23:01] [KIBIC     ] [PID:1782  ] PID 1782 wszedl na sektor 1
[02:23:01] [KIBIC     ] [PID:1782  ] PID 1782 czeka na start meczu
[02:23:01] [KIBIC     ] [PID:1783  ] PID 1783 start: Druzyna A, Wiek 25, VIP NIE, Noz NIE, Bilety 2
[02:23:01] [SPRZEDAZ  ] [PID:1683  ] Kasa 0: 2 bilet(y) sektor 5 dla PID 1783 
[02:23:01] [KIBIC     ] [PID:1783  ] PID 1783 kupil 2 bilet(y) do sektora 5 (zwykly)
[02:23:01] [KIBIC     ] [PID:1783  ] PID 1783 przekazal bilet koledze 1784
[02:23:01] [KONTROLA  ] [PID:1701  ] Sektor 5 Stan 1: Wpuszczono PID 1778 druzyna A
[02:23:01] [KONTROLA  ] [PID:1701  ] Sektor 5 Stan 1: Wpuszczono PID 1783 druzyna A
[02:23:01] [KIBIC     ] [PID:1778  ] PID 1778 wszedl na sektor 5
[02:23:01] [KIBIC     ] [PID:1778  ] PID 1778 czeka na start meczu
[02:23:01] [KIBIC     ] [PID:1783  ] PID 1783 wszedl na sektor 5
[02:23:01] [KIBIC     ] [PID:1783  ] PID 1783 czeka na start meczu
[02:23:01] [KIBIC     ] [PID:1784  ] PID 1784 kolega: Druzyna A, Sektor 5, Wiek 55
[02:23:01] [KONTROLA  ] [PID:1701  ] Sektor 5 Stan 0: Wpuszczono PID 1784 druzyna A
[02:23:01] [KIBIC     ] [PID:1784  ] PID 1784 wszedl na sektor 5
[02:23:01] [KIBIC     ] [PID:1784  ] PID 1784 czeka na start meczu
[02:23:01] [KIBIC     ] [PID:1785  ] PID 1785 start: Druzyna A, Wiek 40, VIP NIE, Noz NIE, Bilety 2
[02:23:01] [SPRZEDAZ  ] [PID:1683  ] Kasa 0: 2 bilet(y) sektor 2 dla PID 1785 
[02:23:01] [KIBIC     ] [PID:1785  ] PID 1785 kupil 2 bilet(y) do sektora 2 (zwykly)
[02:23:01] [KIBIC     ] [PID:1785  ] PID 1785 przekazal bilet koledze 1786
[02:23:01] [KONTROLA  ] [PID:1696  ] Sektor 2 Stan 0: Zatrzymano PID 1775 - noz
[02:23:01] [KONTROLA  ] [PID:1696  ] Sektor 2 Stan 0: Wpuszczono PID 1785 druzyna A
[02:23:01] [KIBIC     ] [PID:1775  ] PID 1775 wyrzucony - noz
[02:23:01] [KIBIC     ] [PID:1785  ] PID 1785 wszedl na sektor 2
[02:23:01] [KIBIC     ] [PID:1785  ] PID 1785 czeka na start meczu
[02:23:01] [KIBIC     ] [PID:1786  ] PID 1786 kolega: Druzyna A, Sektor 2, Wiek 53
[02:23:01] [KIBIC     ] [PID:1787  ] PID 1787 start: Druzyna A, Wiek 46, VIP NIE, Noz NIE, Bilety 1
[02:23:01] [SPRZEDAZ  ] [PID:1683  ] Kasa 0: 1 bilet(y) sektor 2 dla PID 1787 
[02:23:01] [KIBIC     ] [PID:1787  ] PID 1787 kupil 1 bilet(y) do sektora 2 (zwykly)
[02:23:01] [KONTROLA  ] [PID:1696  ] Sektor 2 Stan 0: Wpuszczono PID 1786 druzyna A
[02:23:01] [KONTROLA  ] [PID:1696  ] Sektor 2 Stan 0: Wpuszczono PID 1787 druzyna A
[02:23:01] [KIBIC     ] [PID:1786  ] PID 1786 wszedl na sektor 2
[02:23:01] [KIBIC     ] [PID:1786  ] PID 1786 czeka na start meczu
[02:23:01] [KIBIC     ] [PID:1787  ] PID 1787 wszedl na sektor 2
[02:23:01] [KIBIC     ] [PID:1787  ] PID 1787 czeka na start meczu
[02:23:01] [KIBIC     ] [PID:1788  ] PID 1788 start: Druzyna A, Wiek 32, VIP NIE, Noz NIE, Bilety 2
[02:23:01] [SPRZEDAZ  ] [PID:1683  ] Kasa 0: 2 bilet(y) sektor 3 dla PID 1788 
[02:23:01] [KIBIC     ] [PID:1788  ] PID 1788 kupil 2 bilet(y) do sektora 3 (zwykly)
[02:23:01] [KIBIC     ] [PID:1788  ] PID 1788 przekazal bilet koledze 1789
[02:23:01] [KONTROLA  ] [PID:1697  ] Sektor 3 Stan 1: Wpuszczono PID 1718 druzyna A
[02:23:01] [KONTROLA  ] [PID:1697  ] Sektor 3 Stan 1: Wpuszczono PID 1788 druzyna A
[02:23:01] [KIBIC     ] [PID:1718  ] PID 1718 wszedl na sektor 3
[02:23:01] [KIBIC     ] [PID:1718  ] PID 1718 czeka na start meczu
[02:23:01] [KIBIC     ] [PID:1788  ] PID 1788 wszedl na sektor 3
[02:23:01] [KIBIC     ] [PID:1788  ] PID 1788 czeka na start meczu
[02:23:01] [KIBIC     ] [PID:1789  ] PID 1789 kolega: Druzyna A, Sektor 3, Wiek 34
[02:23:01] [KONTROLA  ] [PID:1697  ] Sektor 3 Stan 1: Wpuszczono PID 1776 druzyna A
[02:23:01] [KIBIC     ] [PID:1776  ] PID 1776 wszedl na sektor 3
[02:23:01] [KIBIC     ] [PID:1776  ] PID 1776 czeka na start meczu
[02:23:01] [KIEROWNIK ] [PID:1792  ] Start PID 1792
[02:23:01] [SEKTOR 0  ] Zajete: 10/10 | Status: AKTYWNY
[02:23:01] [SEKTOR 1  ] Zajete: 9/10 | Status: AKTYWNY
[02:23:01] [SEKTOR 2  ] Zajete: 5/10 | Status: AKTYWNY
[02:23:01] [SEKTOR 3  ] Zajete: 7/10 | Status: AKTYWNY
[02:23:01] [SEKTOR 4  ] Zajete: 3/10 | Status: AKTYWNY
[02:23:01] [SEKTOR 5  ] Zajete: 8/10 | Status: AKTYWNY
[02:23:01] [SEKTOR 6  ] Zajete: 10/10 | Status: AKTYWNY
[02:23:01] [SEKTOR 7  ] Zajete: 5/10 | Status: AKTYWNY
[02:23:01] [STATYSTYKI] Pojemnosc: 80 | Kibicow: 50 | VIP: 0/0
[02:23:01] [KIEROWNIK ] [PID:1792  ] Wyslano blokade do sektora 0
[02:23:01] [KIEROWNIK ] [PID:1792  ] Wyslano odblokowanie do sektora 0
[02:23:01] [KIEROWNIK ] [PID:1792  ] EWAKUACJA HALI OGLOSZONA
[02:23:01] [KIEROWNIK ] [PID:1792  ] Zakonczenie pracy
[02:23:08] [KIBIC     ] [PID:1741  ] PID 1741 oglada mecz
[02:23:08] [KIBIC     ] [PID:1730  ] PID 1730 oglada mecz
[02:23:08] [KIBIC     ] [PID:1769  ] PID 1769 oglada mecz
[02:23:08] [KIBIC     ] [PID:1723  ] PID 1723 oglada mecz
[02:23:08] [KIBIC     ] [PID:1693  ] PID 1693 oglada mecz
[02:23:08] [KIBIC     ] [PID:1693  ] PID 1693 ewakuacja z sektora 3
[02:23:08] [KIBIC     ] [PID:1777  ] PID 1777 oglada mecz
[02:23:08] [KIBIC     ] [PID:1777  ] PID 1777 ewakuacja z sektora 3
[02:23:08] [KIBIC     ] [PID:1757  ] PID 1757 oglada mecz
[02:23:08] [KIBIC     ] [PID:1776  ] PID 1776 oglada mecz
[02:23:08] [KIBIC     ] [PID:1755  ] PID 1755 oglada mecz
[02:23:08] [KIBIC     ] [PID:1693  ] PID 1693 ewakuacja zakonczona
[02:23:08] [KIBIC     ] [PID:1773  ] PID 1773 oglada mecz
[02:23:08] [KIBIC     ] [PID:1768  ] PID 1768 oglada mecz
[02:23:08] [KIBIC     ] [PID:1768  ] PID 1768 ewakuacja z sektora 0
[02:23:08] [KIBIC     ] [PID:1757  ] PID 1757 ewakuacja z sektora 4
[02:23:08] [KIBIC     ] [PID:1782  ] PID 1782 oglada mecz
[02:23:08] [KIBIC     ] [PID:1778  ] PID 1778 oglada mecz
[02:23:08] [KIBIC     ] [PID:1724  ] PID 1724 oglada mecz
[02:23:08] [KIBIC     ] [PID:1777  ] PID 1777 ewakuacja zakonczona
[02:23:08] [KIBIC     ] [PID:1778  ] PID 1778 ewakuacja z sektora 5
[02:23:08] [KIBIC     ] [PID:1772  ] PID 1772 oglada mecz
[02:23:08] [KIBIC     ] [PID:1742  ] PID 1742 oglada mecz
[02:23:08] [KIBIC     ] [PID:1742  ] PID 1742 ewakuacja z sektora 5
[02:23:08] [KIBIC     ] [PID:1761  ] PID 1761 oglada mecz
[02:23:08] [KIBIC     ] [PID:1723  ] PID 1723 ewakuacja z sektora 7
[02:23:08] [KIBIC     ] [PID:1742  ] PID 1742 ewakuacja zakonczona
[02:23:08] [KIBIC     ] [PID:1764  ] PID 1764 oglada mecz
[02:23:08] [KIBIC     ] [PID:1754  ] PID 1754 oglada mecz
[02:23:08] [KIBIC     ] [PID:1784  ] PID 1784 oglada mecz
[02:23:08] [KIBIC     ] [PID:1764  ] PID 1764 ewakuacja z sektora 0
[02:23:08] [KIBIC     ] [PID:1764  ] PID 1764 ewakuacja zakonczona
[02:23:08] [KIBIC     ] [PID:1771  ] PID 1771 oglada mecz
[02:23:08] [KIBIC     ] [PID:1767  ] PID 1767 oglada mecz
[02:23:08] [KIBIC     ] [PID:1767  ] PID 1767 ewakuacja z sektora 0
[02:23:08] [KIBIC     ] [PID:1767  ] PID 1767 ewakuacja zakonczona
[02:23:08] [KIBIC     ] [PID:1769  ] PID 1769 ewakuacja z sektora 0
[02:23:08] [KIBIC     ] [PID:1725  ] PID 1725 oglada mecz
[02:23:08] [KIBIC     ] [PID:1787  ] PID 1787 oglada mecz
[02:23:08] [KIBIC     ] [PID:1724  ] PID 1724 ewakuacja z sektora 6
[02:23:08] [KIBIC     ] [PID:1724  ] PID 1724 ewakuacja zakonczona
[02:23:08] [KIBIC     ] [PID:1722  ] PID 1722 oglada mecz
[02:23:08] [KIBIC     ] [PID:1756  ] PID 1756 oglada mecz
[02:23:08] [KIBIC     ] [PID:1739  ] PID 1739 oglada mecz
[02:23:08] [KIBIC     ] [PID:1784  ] PID 1784 ewakuacja z sektora 5
[02:23:08] [KIBIC     ] [PID:1725  ] PID 1725 ewakuacja z sektora 6
[02:23:08] [KIBIC     ] [PID:1780  ] PID 1780 oglada mecz
[02:23:08] [KIBIC     ] [PID:1780  ] PID 1780 ewakuacja z sektora 1
[02:23:08] [KIBIC     ] [PID:1772  ] PID 1772 ewakuacja z sektora 1
[02:23:08] [KIBIC     ] [PID:1732  ] PID 1732 oglada mecz
[02:23:08] [KIBIC     ] [PID:1759  ] PID 1759 oglada mecz
[02:23:08] [KIBIC     ] [PID:1759  ] PID 1759 ewakuacja z sektora 7
[02:23:08] [KIBIC     ] [PID:1782  ] PID 1782 ewakuacja z sektora 1
[02:23:08] [KIBIC     ] [PID:1778  ] PID 1778 ewakuacja zakonczona
[02:23:08] [KIBIC     ] [PID:1739  ] PID 1739 ewakuacja z sektora 6
[02:23:08] [KIBIC     ] [PID:1739  ] PID 1739 ewakuacja zakonczona
[02:23:08] [KIBIC     ] [PID:1754  ] PID 1754 ewakuacja z sektora 1
[02:23:08] [KIBIC     ] [PID:1780  ] PID 1780 ewakuacja zakonczona
[02:23:08] [KIBIC     ] [PID:1756  ] PID 1756 ewakuacja z sektora 5
[02:23:08] [KIBIC     ] [PID:1766  ] PID 1766 oglada mecz
[02:23:08] [KIBIC     ] [PID:1740  ] PID 1740 oglada mecz
[02:23:08] [KIBIC     ] [PID:1762  ] PID 1762 oglada mecz
[02:23:08] [KIBIC     ] [PID:1726  ] PID 1726 oglada mecz
[02:23:08] [KIBIC     ] [PID:1732  ] PID 1732 ewakuacja z sektora 5
[02:23:08] [KIBIC     ] [PID:1772  ] PID 1772 ewakuacja zakonczona
[02:23:08] [KIBIC     ] [PID:1725  ] PID 1725 ewakuacja zakonczona
[02:23:08] [KIBIC     ] [PID:1762  ] PID 1762 ewakuacja z sektora 0
[02:23:08] [KIBIC     ] [PID:1768  ] PID 1768 ewakuacja zakonczona
[02:23:08] [KIBIC     ] [PID:1754  ] PID 1754 ewakuacja zakonczona
[02:23:08] [KIBIC     ] [PID:1782  ] PID 1782 ewakuacja zakonczona
[02:23:08] [KIBIC     ] [PID:1763  ] PID 1763 oglada mecz
[02:23:08] [KIBIC     ] [PID:1783  ] PID 1783 oglada mecz
[02:23:08] [KIBIC     ] [PID:1728  ] PID 1728 oglada mecz
[02:23:08] [KIBIC     ] [PID:1728  ] PID 1728 ewakuacja z sektora 6
[02:23:08] [KIBIC     ] [PID:1729  ] PID 1729 oglada mecz
[02:23:08] [KIBIC     ] [PID:1729  ] PID 1729 ewakuacja z sektora 7
[02:23:08] [KIBIC     ] [PID:1788  ] PID 1788 oglada mecz
[02:23:08] [KIBIC     ] [PID:1721  ] PID 1721 oglada mecz
[02:23:08] [KIBIC     ] [PID:1738  ] PID 1738 oglada mecz
[02:23:08] [KIBIC     ] [PID:1738  ] PID 1738 ewakuacja z sektora 6
[02:23:08] [MAIN      ] [PID:1678  ] MECZ ROZPOCZETY - kibicow w hali: 50
[02:23:08] [KIBIC     ] [PID:1727  ] PID 1727 oglada mecz
[02:23:08] [KIBIC     ] [PID:1727  ] PID 1727 ewakuacja z sektora 0
[02:23:08] [KIBIC     ] [PID:1765  ] PID 1765 oglada mecz
[02:23:08] [KIBIC     ] [PID:1765  ] PID 1765 ewakuacja z sektora 0
[02:23:08] [KIBIC     ] [PID:1769  ] PID 1769 ewakuacja zakonczona
[02:23:08] [KIBIC     ] [PID:1755  ] PID 1755 ewakuacja z sektora 1
[02:23:08] [KIBIC     ] [PID:1755  ] PID 1755 ewakuacja zakonczona
[02:23:08] [KIBIC     ] [PID:1785  ] PID 1785 oglada mecz
[02:23:08] [KIBIC     ] [PID:1729  ] PID 1729 ewakuacja zakonczona
[02:23:08] [KIBIC     ] [PID:1758  ] PID 1758 oglada mecz
[02:23:08] [KIBIC     ] [PID:1785  ] PID 1785 ewakuacja z sektora 2
[02:23:08] [KIBIC     ] [PID:1785  ] PID 1785 ewakuacja zakonczona
[02:23:08] [KIBIC     ] [PID:1740  ] PID 1740 ewakuacja z sektora 1
[02:23:08] [KIBIC     ] [PID:1723  ] PID 1723 ewakuacja zakonczona
[02:23:08] [KIBIC     ] [PID:1719  ] PID 1719 oglada mecz
[02:23:08] [KIBIC     ] [PID:1759  ] PID 1759 ewakuacja zakonczona
[02:23:08] [KIBIC     ] [PID:1741  ] PID 1741 ewakuacja z sektora 5
[02:23:08] [KIBIC     ] [PID:1787  ] PID 1787 ewakuacja z sektora 2
[02:23:08] [KIBIC     ] [PID:1784  ] PID 1784 ewakuacja zakonczona
[02:23:08] [KIBIC     ] [PID:1771  ] PID 1771 ewakuacja z sektora 0
[02:23:08] [KIBIC     ] [PID:1771  ] PID 1771 ewakuacja zakonczona
[02:23:08] [KIBIC     ] [PID:1763  ] PID 1763 ewakuacja z sektora 6
[02:23:08] [KIBIC     ] [PID:1763  ] PID 1763 ewakuacja zakonczona
[02:23:08] [KIBIC     ] [PID:1774  ] PID 1774 oglada mecz
[02:23:08] [KIBIC     ] [PID:1774  ] PID 1774 ewakuacja z sektora 2
[02:23:08] [KIBIC     ] [PID:1758  ] PID 1758 ewakuacja z sektora 4
[02:23:08] [KIBIC     ] [PID:1758  ] PID 1758 ewakuacja zakonczona
[02:23:08] [KIBIC     ] [PID:1776  ] PID 1776 ewakuacja z sektora 3
[02:23:08] [KIBIC     ] [PID:1766  ] PID 1766 ewakuacja z sektora 0
[02:23:08] [KIBIC     ] [PID:1766  ] PID 1766 ewakuacja zakonczona
[02:23:08] [KIBIC     ] [PID:1762  ] PID 1762 ewakuacja zakonczona
[02:23:08] [KIBIC     ] [PID:1738  ] PID 1738 ewakuacja zakonczona
[02:23:08] [KIBIC     ] [PID:1787  ] PID 1787 ewakuacja zakonczona
[02:23:08] [KIBIC     ] [PID:1722  ] PID 1722 ewakuacja z sektora 7
[02:23:08] [KIBIC     ] [PID:1722  ] PID 1722 ewakuacja zakonczona
[02:23:08] [KIBIC     ] [PID:1730  ] PID 1730 ewakuacja z sektora 1
[02:23:08] [KIBIC     ] [PID:1730  ] PID 1730 ewakuacja zakonczona
[02:23:08] [KIBIC     ] [PID:1774  ] PID 1774 ewakuacja zakonczona
[02:23:08] [KIBIC     ] [PID:1756  ] PID 1756 ewakuacja zakonczona
[02:23:08] [KIBIC     ] [PID:1720  ] PID 1720 oglada mecz
[02:23:08] [KIBIC     ] [PID:1718  ] PID 1718 oglada mecz
[02:23:08] [KIBIC     ] [PID:1718  ] PID 1718 ewakuacja z sektora 3
[02:23:08] [KIBIC     ] [PID:1719  ] PID 1719 ewakuacja z sektora 6
[02:23:08] [KIBIC     ] [PID:1776  ] PID 1776 ewakuacja zakonczona
[02:23:08] [KIBIC     ] [PID:1757  ] PID 1757 ewakuacja zakonczona
[02:23:08] [KIBIC     ] [PID:1788  ] PID 1788 ewakuacja z sektora 3
[02:23:08] [KIBIC     ] [PID:1788  ] PID 1788 ewakuacja zakonczona
[02:23:08] [KIBIC     ] [PID:1732  ] PID 1732 ewakuacja zakonczona
[02:23:08] [KIBIC     ] [PID:1727  ] PID 1727 ewakuacja zakonczona
[02:23:08] [KIBIC     ] [PID:1728  ] PID 1728 ewakuacja zakonczona
[02:23:08] [KIBIC     ] [PID:1740  ] PID 1740 ewakuacja zakonczona
[02:23:08] [KIBIC     ] [PID:1720  ] PID 1720 ewakuacja z sektora 6
[02:23:08] [KIBIC     ] [PID:1719  ] PID 1719 ewakuacja zakonczona
[02:23:08] [KIBIC     ] [PID:1786  ] PID 1786 oglada mecz
[02:23:08] [KIBIC     ] [PID:1786  ] PID 1786 ewakuacja z sektora 2
[02:23:08] [KIBIC     ] [PID:1786  ] PID 1786 ewakuacja zakonczona
[02:23:08] [KIBIC     ] [PID:1726  ] PID 1726 ewakuacja z sektora 0
[02:23:08] [KIBIC     ] [PID:1726  ] PID 1726 ewakuacja zakonczona
[02:23:08] [KIBIC     ] [PID:1761  ] PID 1761 ewakuacja z sektora 3
[02:23:08] [KIBIC     ] [PID:1761  ] PID 1761 ewakuacja zakonczona
[02:23:08] [KIBIC     ] [PID:1741  ] PID 1741 ewakuacja zakonczona
[02:23:08] [KIBIC     ] [PID:1773  ] PID 1773 ewakuacja z sektora 1
[02:23:08] [KIBIC     ] [PID:1773  ] PID 1773 ewakuacja zakonczona
[02:23:08] [KIBIC     ] [PID:1783  ] PID 1783 ewakuacja z sektora 5
[02:23:08] [KIBIC     ] [PID:1783  ] PID 1783 ewakuacja zakonczona
[02:23:08] [KIBIC     ] [PID:1721  ] PID 1721 ewakuacja z sektora 4
[02:23:08] [KIBIC     ] [PID:1721  ] PID 1721 ewakuacja zakonczona
[02:23:08] [KIBIC     ] [PID:1718  ] PID 1718 ewakuacja zakonczona
[02:23:08] [KIBIC     ] [PID:1720  ] PID 1720 ewakuacja zakonczona
[02:23:08] [KIBIC     ] [PID:1765  ] PID 1765 ewakuacja zakonczona
[02:23:18] [MAIN      ] [PID:1678  ] MECZ ZAKONCZONY po 10 s
